Unity Editor version:    6000.4.8f1 (f8b72d3d7343)
Branch:                  6000.4/staging
Build type:              Release
Batch mode:              YES
macOS version:           Version 26.5.1 (Build 25F80)
Darwin version:          25.5.0
Architecture:            arm64
Running under Rosetta:   NO
Available memory:        8192 MB
Date:                    2026-06-24T19:38:03Z
[Licensing::Module] Trying to connect to existing licensing client channel...
[Licensing::IpcConnector] Successfully connected to: "LicenseClient-franciscofafian" at "2026-06-24T19:38:03.244626Z"
[Licensing::Client] Error: HandshakeResponse reported an error:
	ResponseCode: 505
	ResponseStatus: Unsupported protocol version '1.18.1'.
[Licensing::Module] Error: Failed to handshake to channel: "LicenseClient-franciscofafian"
[Licensing::IpcConnector] LicenseClient-franciscofafian channel disconnected successfully.
[Licensing::IpcConnector] Channel LicenseClient-franciscofafian-6000.4.8 doesn't exist
Launching external process: /Applications/Unity/Hub/Editor/6000.4.8f1/Unity.app/Contents/Helpers/UnityLicensingClient.app/Contents/MacOS/Unity.Licensing.Client
[Licensing::Module] Successfully launched the LicensingClient (PId: 2091)
Launching external process: /Applications/Unity/Hub/Editor/6000.4.8f1/Unity.app/Contents/Helpers/PackageManager/Server/UnityPackageManager

COMMAND LINE ARGUMENTS:
/Applications/Unity/Hub/Editor/6000.4.8f1/Unity.app/Contents/MacOS/Unity
-batchmode
-quit
-projectPath
/Users/franciscofafian/Downloads/Facu/Videojuegos/Hoy-vale-oro-main/hoy_vale_oro
-logFile
compile_work_npc10.log
Successfully changed project path to: /Users/franciscofafian/Downloads/Facu/Videojuegos/Hoy-vale-oro-main/hoy_vale_oro
/Users/franciscofafian/Downloads/Facu/Videojuegos/Hoy-vale-oro-main/hoy_vale_oro
[Package Manager] Server process was shutdown
